<?xml version="1.0" encoding="UTF-8"?>
<!-- Generated by org.testng.reporters.JUnitReportReporter -->
<testsuite hostname="BLR-L-PG038LFE" failures="0" tests="1" name="TestCases.AppTest" time="4.286" errors="0" timestamp="2023-08-17T23:57:29 IST" skipped="0">
  <testcase classname="TestCases.AppTest" name="logintest" time="4.286"/>
  <system-out/>
</testsuite> <!-- TestCases.AppTest -->
